The target system is: arm-linux -  - 
The host system is: Linux - 3.8.0-31-generic - i686
Compiling the CXX compiler identification source file "CMakeCXXCompilerId.cpp" succeeded.
Compiler: /home/alex/temp/opt/FriendlyARM/toolschain/4.4.3/bin/arm-linux-g++ 
Build flags: 
Id flags: 

The output was:
0


Compilation of the CXX compiler identification source "CMakeCXXCompilerId.cpp" produced "a.out"

The CXX compiler identification is GNU, found in "/home/alex/opencv/opencv_arm/CMakeFiles/2.8.10.1/CompilerIdCXX/a.out"

Compiling the C compiler identification source file "CMakeCCompilerId.c" succeeded.
Compiler: /home/alex/temp/opt/FriendlyARM/toolschain/4.4.3/bin/arm-linux-gcc 
Build flags: 
Id flags: 

The output was:
0


Compilation of the C compiler identification source "CMakeCCompilerId.c" produced "a.out"

The C compiler identification is GNU, found in "/home/alex/opencv/opencv_arm/CMakeFiles/2.8.10.1/CompilerIdC/a.out"

Determining if the CXX compiler works passed with the following output:
Change Dir: /home/alex/opencv/opencv_arm/CMakeFiles/CMakeTmp

Run Build Command:/usr/bin/make "cmTryCompileExec4158447285/fast"
/usr/bin/make -f CMakeFiles/cmTryCompileExec4158447285.dir/build.make CMakeFiles/cmTryCompileExec4158447285.dir/build
make[1]: 正在进入目录 `/home/alex/opencv/opencv_arm/CMakeFiles/CMakeTmp'
/usr/bin/cmake -E cmake_progress_report /home/alex/opencv/opencv_arm/CMakeFiles/CMakeTmp/CMakeFiles 1
Building CXX object CMakeFiles/cmTryCompileExec4158447285.dir/testCXXCompiler.cxx.obj
/home/alex/temp/opt/FriendlyARM/toolschain/4.4.3/bin/arm-linux-g++     -o CMakeFiles/cmTryCompileExec4158447285.dir/testCXXCompiler.cxx.obj -c /home/alex/opencv/opencv_arm/CMakeFiles/CMakeTmp/testCXXCompiler.cxx
Linking CXX executable cmTryCompileExec4158447285
/usr/bin/cmake -E cmake_link_script CMakeFiles/cmTryCompileExec4158447285.dir/link.txt --verbose=1
/home/alex/temp/opt/FriendlyARM/toolschain/4.4.3/bin/arm-linux-g++          CMakeFiles/cmTryCompileExec4158447285.dir/testCXXCompiler.cxx.obj  -o cmTryCompileExec4158447285  
make[1]:正在离开目录 `/home/alex/opencv/opencv_arm/CMakeFiles/CMakeTmp'


Detecting CXX compiler ABI info compiled with the following output:
Change Dir: /home/alex/opencv/opencv_arm/CMakeFiles/CMakeTmp

Run Build Command:/usr/bin/make "cmTryCompileExec1662154877/fast"
/usr/bin/make -f CMakeFiles/cmTryCompileExec1662154877.dir/build.make CMakeFiles/cmTryCompileExec1662154877.dir/build
make[1]: 正在进入目录 `/home/alex/opencv/opencv_arm/CMakeFiles/CMakeTmp'
/usr/bin/cmake -E cmake_progress_report /home/alex/opencv/opencv_arm/CMakeFiles/CMakeTmp/CMakeFiles 1
Building CXX object CMakeFiles/cmTryCompileExec1662154877.dir/CMakeCXXCompilerABI.cpp.obj
/home/alex/temp/opt/FriendlyARM/toolschain/4.4.3/bin/arm-linux-g++     -o CMakeFiles/cmTryCompileExec1662154877.dir/CMakeCXXCompilerABI.cpp.obj -c /usr/share/cmake-2.8/Modules/CMakeCXXCompilerABI.cpp
Linking CXX executable cmTryCompileExec1662154877
/usr/bin/cmake -E cmake_link_script CMakeFiles/cmTryCompileExec1662154877.dir/link.txt --verbose=1
/home/alex/temp/opt/FriendlyARM/toolschain/4.4.3/bin/arm-linux-g++        -v CMakeFiles/cmTryCompileExec1662154877.dir/CMakeCXXCompilerABI.cpp.obj  -o cmTryCompileExec1662154877   
Using built-in specs.
Target: arm-none-linux-gnueabi
Configured with: /opt/FriendlyARM/mini2440/build-toolschain/working/src/gcc-4.4.3/configure --build=i386-build_redhat-linux-gnu --host=i386-build_redhat-linux-gnu --target=arm-none-linux-gnueabi --prefix=/opt/FriendlyARM/toolschain/4.4.3 --with-sysroot=/opt/FriendlyARM/toolschain/4.4.3/arm-none-linux-gnueabi//sys-root --enable-languages=c,c++ --disable-multilib --with-arch=armv4t --with-cpu=arm920t --with-tune=arm920t --with-float=soft --with-pkgversion=ctng-1.6.1 --disable-sjlj-exceptions --enable-__cxa_atexit --with-gmp=/opt/FriendlyARM/toolschain/4.4.3 --with-mpfr=/opt/FriendlyARM/toolschain/4.4.3 --with-ppl=/opt/FriendlyARM/toolschain/4.4.3 --with-cloog=/opt/FriendlyARM/toolschain/4.4.3 --with-mpc=/opt/FriendlyARM/toolschain/4.4.3 --with-local-prefix=/opt/FriendlyARM/toolschain/4.4.3/arm-none-linux-gnueabi//sys-root --disable-nls --enable-threads=posix --enable-symvers=gnu --enable-c99 --enable-long-long --enable-target-optspace
Thread model: posix
gcc version 4.4.3 (ctng-1.6.1) 
COMPILER_PATH=/home/alex/temp/opt/FriendlyARM/toolschain/4.4.3/bin/../libexec/gcc/arm-none-linux-gnueabi/4.4.3/:/home/alex/temp/opt/FriendlyARM/toolschain/4.4.3/bin/../libexec/gcc/:/home/alex/temp/opt/FriendlyARM/toolschain/4.4.3/bin/../lib/gcc/arm-none-linux-gnueabi/4.4.3/../../../../arm-none-linux-gnueabi/bin/
LIBRARY_PATH=/home/alex/temp/opt/FriendlyARM/toolschain/4.4.3/bin/../lib/gcc/arm-none-linux-gnueabi/4.4.3/:/home/alex/temp/opt/FriendlyARM/toolschain/4.4.3/bin/../lib/gcc/:/home/alex/temp/opt/FriendlyARM/toolschain/4.4.3/bin/../lib/gcc/arm-none-linux-gnueabi/4.4.3/../../../../arm-none-linux-gnueabi/lib/:/home/alex/temp/opt/FriendlyARM/toolschain/4.4.3/bin/../arm-none-linux-gnueabi//sys-root/lib/:/home/alex/temp/opt/FriendlyARM/toolschain/4.4.3/bin/../arm-none-linux-gnueabi//sys-root/usr/lib/
COLLECT_GCC_OPTIONS='-v' '-o' 'cmTryCompileExec1662154877' '-shared-libgcc' '-march=armv4t' '-mtune=arm920t' '-mfloat-abi=soft'
 /home/alex/temp/opt/FriendlyARM/toolschain/4.4.3/bin/../libexec/gcc/arm-none-linux-gnueabi/4.4.3/collect2 --sysroot=/home/alex/temp/opt/FriendlyARM/toolschain/4.4.3/bin/../arm-none-linux-gnueabi//sys-root --eh-frame-hdr -dynamic-linker /lib/ld-linux.so.3 -X -m armelf_linux_eabi -o cmTryCompileExec1662154877 /home/alex/temp/opt/FriendlyARM/toolschain/4.4.3/bin/../arm-none-linux-gnueabi//sys-root/usr/lib/crt1.o /home/alex/temp/opt/FriendlyARM/toolschain/4.4.3/bin/../arm-none-linux-gnueabi//sys-root/usr/lib/crti.o /home/alex/temp/opt/FriendlyARM/toolschain/4.4.3/bin/../lib/gcc/arm-none-linux-gnueabi/4.4.3/crtbegin.o -L/home/alex/temp/opt/FriendlyARM/toolschain/4.4.3/bin/../lib/gcc/arm-none-linux-gnueabi/4.4.3 -L/home/alex/temp/opt/FriendlyARM/toolschain/4.4.3/bin/../lib/gcc -L/home/alex/temp/opt/FriendlyARM/toolschain/4.4.3/bin/../lib/gcc/arm-none-linux-gnueabi/4.4.3/../../../../arm-none-linux-gnueabi/lib -L/home/alex/temp/opt/FriendlyARM/toolschain/4.4.3/bin/../arm-none-linux-gnueabi//sys-root/lib -L/home/alex/temp/opt/FriendlyARM/toolschain/4.4.3/bin/../arm-none-linux-gnueabi//sys-root/usr/lib CMakeFiles/cmTryCompileExec1662154877.dir/CMakeCXXCompilerABI.cpp.obj -lstdc++ -lm -lgcc_s -lgcc -lc -lgcc_s -lgcc /home/alex/temp/opt/FriendlyARM/toolschain/4.4.3/bin/../lib/gcc/arm-none-linux-gnueabi/4.4.3/crtend.o /home/alex/temp/opt/FriendlyARM/toolschain/4.4.3/bin/../arm-none-linux-gnueabi//sys-root/usr/lib/crtn.o
make[1]:正在离开目录 `/home/alex/opencv/opencv_arm/CMakeFiles/CMakeTmp'


Parsed CXX implicit link information from above output:
  link line regex: [^( *|.*[/\])(arm-linux-ld|ld|collect2)[^/\]*( |$)]
  ignore line: [Change Dir: /home/alex/opencv/opencv_arm/CMakeFiles/CMakeTmp]
  ignore line: []
  ignore line: [Run Build Command:/usr/bin/make "cmTryCompileExec1662154877/fast"]
  ignore line: [/usr/bin/make -f CMakeFiles/cmTryCompileExec1662154877.dir/build.make CMakeFiles/cmTryCompileExec1662154877.dir/build]
  ignore line: [make[1]: 正在进入目录 `/home/alex/opencv/opencv_arm/CMakeFiles/CMakeTmp']
  ignore line: [/usr/bin/cmake -E cmake_progress_report /home/alex/opencv/opencv_arm/CMakeFiles/CMakeTmp/CMakeFiles 1]
  ignore line: [Building CXX object CMakeFiles/cmTryCompileExec1662154877.dir/CMakeCXXCompilerABI.cpp.obj]
  ignore line: [/home/alex/temp/opt/FriendlyARM/toolschain/4.4.3/bin/arm-linux-g++     -o CMakeFiles/cmTryCompileExec1662154877.dir/CMakeCXXCompilerABI.cpp.obj -c /usr/share/cmake-2.8/Modules/CMakeCXXCompilerABI.cpp]
  ignore line: [Linking CXX executable cmTryCompileExec1662154877]
  ignore line: [/usr/bin/cmake -E cmake_link_script CMakeFiles/cmTryCompileExec1662154877.dir/link.txt --verbose=1]
  ignore line: [/home/alex/temp/opt/FriendlyARM/toolschain/4.4.3/bin/arm-linux-g++        -v CMakeFiles/cmTryCompileExec1662154877.dir/CMakeCXXCompilerABI.cpp.obj  -o cmTryCompileExec1662154877   ]
  ignore line: [Using built-in specs.]
  ignore line: [Target: arm-none-linux-gnueabi]
  ignore line: [Configured with: /opt/FriendlyARM/mini2440/build-toolschain/working/src/gcc-4.4.3/configure --build=i386-build_redhat-linux-gnu --host=i386-build_redhat-linux-gnu --target=arm-none-linux-gnueabi --prefix=/opt/FriendlyARM/toolschain/4.4.3 --with-sysroot=/opt/FriendlyARM/toolschain/4.4.3/arm-none-linux-gnueabi//sys-root --enable-languages=c,c++ --disable-multilib --with-arch=armv4t --with-cpu=arm920t --with-tune=arm920t --with-float=soft --with-pkgversion=ctng-1.6.1 --disable-sjlj-exceptions --enable-__cxa_atexit --with-gmp=/opt/FriendlyARM/toolschain/4.4.3 --with-mpfr=/opt/FriendlyARM/toolschain/4.4.3 --with-ppl=/opt/FriendlyARM/toolschain/4.4.3 --with-cloog=/opt/FriendlyARM/toolschain/4.4.3 --with-mpc=/opt/FriendlyARM/toolschain/4.4.3 --with-local-prefix=/opt/FriendlyARM/toolschain/4.4.3/arm-none-linux-gnueabi//sys-root --disable-nls --enable-threads=posix --enable-symvers=gnu --enable-c99 --enable-long-long --enable-target-optspace]
  ignore line: [Thread model: posix]
  ignore line: [gcc version 4.4.3 (ctng-1.6.1) ]
  ignore line: [COMPILER_PATH=/home/alex/temp/opt/FriendlyARM/toolschain/4.4.3/bin/../libexec/gcc/arm-none-linux-gnueabi/4.4.3/:/home/alex/temp/opt/FriendlyARM/toolschain/4.4.3/bin/../libexec/gcc/:/home/alex/temp/opt/FriendlyARM/toolschain/4.4.3/bin/../lib/gcc/arm-none-linux-gnueabi/4.4.3/../../../../arm-none-linux-gnueabi/bin/]
  ignore line: [LIBRARY_PATH=/home/alex/temp/opt/FriendlyARM/toolschain/4.4.3/bin/../lib/gcc/arm-none-linux-gnueabi/4.4.3/:/home/alex/temp/opt/FriendlyARM/toolschain/4.4.3/bin/../lib/gcc/:/home/alex/temp/opt/FriendlyARM/toolschain/4.4.3/bin/../lib/gcc/arm-none-linux-gnueabi/4.4.3/../../../../arm-none-linux-gnueabi/lib/:/home/alex/temp/opt/FriendlyARM/toolschain/4.4.3/bin/../arm-none-linux-gnueabi//sys-root/lib/:/home/alex/temp/opt/FriendlyARM/toolschain/4.4.3/bin/../arm-none-linux-gnueabi//sys-root/usr/lib/]
  ignore line: [COLLECT_GCC_OPTIONS='-v' '-o' 'cmTryCompileExec1662154877' '-shared-libgcc' '-march=armv4t' '-mtune=arm920t' '-mfloat-abi=soft']
  link line: [ /home/alex/temp/opt/FriendlyARM/toolschain/4.4.3/bin/../libexec/gcc/arm-none-linux-gnueabi/4.4.3/collect2 --sysroot=/home/alex/temp/opt/FriendlyARM/toolschain/4.4.3/bin/../arm-none-linux-gnueabi//sys-root --eh-frame-hdr -dynamic-linker /lib/ld-linux.so.3 -X -m armelf_linux_eabi -o cmTryCompileExec1662154877 /home/alex/temp/opt/FriendlyARM/toolschain/4.4.3/bin/../arm-none-linux-gnueabi//sys-root/usr/lib/crt1.o /home/alex/temp/opt/FriendlyARM/toolschain/4.4.3/bin/../arm-none-linux-gnueabi//sys-root/usr/lib/crti.o /home/alex/temp/opt/FriendlyARM/toolschain/4.4.3/bin/../lib/gcc/arm-none-linux-gnueabi/4.4.3/crtbegin.o -L/home/alex/temp/opt/FriendlyARM/toolschain/4.4.3/bin/../lib/gcc/arm-none-linux-gnueabi/4.4.3 -L/home/alex/temp/opt/FriendlyARM/toolschain/4.4.3/bin/../lib/gcc -L/home/alex/temp/opt/FriendlyARM/toolschain/4.4.3/bin/../lib/gcc/arm-none-linux-gnueabi/4.4.3/../../../../arm-none-linux-gnueabi/lib -L/home/alex/temp/opt/FriendlyARM/toolschain/4.4.3/bin/../arm-none-linux-gnueabi//sys-root/lib -L/home/alex/temp/opt/FriendlyARM/toolschain/4.4.3/bin/../arm-none-linux-gnueabi//sys-root/usr/lib CMakeFiles/cmTryCompileExec1662154877.dir/CMakeCXXCompilerABI.cpp.obj -lstdc++ -lm -lgcc_s -lgcc -lc -lgcc_s -lgcc /home/alex/temp/opt/FriendlyARM/toolschain/4.4.3/bin/../lib/gcc/arm-none-linux-gnueabi/4.4.3/crtend.o /home/alex/temp/opt/FriendlyARM/toolschain/4.4.3/bin/../arm-none-linux-gnueabi//sys-root/usr/lib/crtn.o]
    arg [/home/alex/temp/opt/FriendlyARM/toolschain/4.4.3/bin/../libexec/gcc/arm-none-linux-gnueabi/4.4.3/collect2] ==> ignore
    arg [--sysroot=/home/alex/temp/opt/FriendlyARM/toolschain/4.4.3/bin/../arm-none-linux-gnueabi//sys-root] ==> ignore
    arg [--eh-frame-hdr] ==> ignore
    arg [-dynamic-linker] ==> ignore
    arg [/lib/ld-linux.so.3] ==> ignore
    arg [-X] ==> ignore
    arg [-m] ==> ignore
    arg [armelf_linux_eabi] ==> ignore
    arg [-o] ==> ignore
    arg [cmTryCompileExec1662154877] ==> ignore
    arg [/home/alex/temp/opt/FriendlyARM/toolschain/4.4.3/bin/../arm-none-linux-gnueabi//sys-root/usr/lib/crt1.o] ==> ignore
    arg [/home/alex/temp/opt/FriendlyARM/toolschain/4.4.3/bin/../arm-none-linux-gnueabi//sys-root/usr/lib/crti.o] ==> ignore
    arg [/home/alex/temp/opt/FriendlyARM/toolschain/4.4.3/bin/../lib/gcc/arm-none-linux-gnueabi/4.4.3/crtbegin.o] ==> ignore
    arg [-L/home/alex/temp/opt/FriendlyARM/toolschain/4.4.3/bin/../lib/gcc/arm-none-linux-gnueabi/4.4.3] ==> dir [/home/alex/temp/opt/FriendlyARM/toolschain/4.4.3/bin/../lib/gcc/arm-none-linux-gnueabi/4.4.3]
    arg [-L/home/alex/temp/opt/FriendlyARM/toolschain/4.4.3/bin/../lib/gcc] ==> dir [/home/alex/temp/opt/FriendlyARM/toolschain/4.4.3/bin/../lib/gcc]
    arg [-L/home/alex/temp/opt/FriendlyARM/toolschain/4.4.3/bin/../lib/gcc/arm-none-linux-gnueabi/4.4.3/../../../../arm-none-linux-gnueabi/lib] ==> dir [/home/alex/temp/opt/FriendlyARM/toolschain/4.4.3/bin/../lib/gcc/arm-none-linux-gnueabi/4.4.3/../../../../arm-none-linux-gnueabi/lib]
    arg [-L/home/alex/temp/opt/FriendlyARM/toolschain/4.4.3/bin/../arm-none-linux-gnueabi//sys-root/lib] ==> dir [/home/alex/temp/opt/FriendlyARM/toolschain/4.4.3/bin/../arm-none-linux-gnueabi//sys-root/lib]
    arg [-L/home/alex/temp/opt/FriendlyARM/toolschain/4.4.3/bin/../arm-none-linux-gnueabi//sys-root/usr/lib] ==> dir [/home/alex/temp/opt/FriendlyARM/toolschain/4.4.3/bin/../arm-none-linux-gnueabi//sys-root/usr/lib]
    arg [CMakeFiles/cmTryCompileExec1662154877.dir/CMakeCXXCompilerABI.cpp.obj] ==> ignore
    arg [-lstdc++] ==> lib [stdc++]
    arg [-lm] ==> lib [m]
    arg [-lgcc_s] ==> lib [gcc_s]
    arg [-lgcc] ==> lib [gcc]
    arg [-lc] ==> lib [c]
    arg [-lgcc_s] ==> lib [gcc_s]
    arg [-lgcc] ==> lib [gcc]
    arg [/home/alex/temp/opt/FriendlyARM/toolschain/4.4.3/bin/../lib/gcc/arm-none-linux-gnueabi/4.4.3/crtend.o] ==> ignore
    arg [/home/alex/temp/opt/FriendlyARM/toolschain/4.4.3/bin/../arm-none-linux-gnueabi//sys-root/usr/lib/crtn.o] ==> ignore
  remove lib [gcc_s]
  remove lib [gcc]
  remove lib [gcc_s]
  remove lib [gcc]
  collapse dir [/home/alex/temp/opt/FriendlyARM/toolschain/4.4.3/bin/../lib/gcc/arm-none-linux-gnueabi/4.4.3] ==> [/home/alex/temp/opt/FriendlyARM/toolschain/4.4.3/lib/gcc/arm-none-linux-gnueabi/4.4.3]
  collapse dir [/home/alex/temp/opt/FriendlyARM/toolschain/4.4.3/bin/../lib/gcc] ==> [/home/alex/temp/opt/FriendlyARM/toolschain/4.4.3/lib/gcc]
  collapse dir [/home/alex/temp/opt/FriendlyARM/toolschain/4.4.3/bin/../lib/gcc/arm-none-linux-gnueabi/4.4.3/../../../../arm-none-linux-gnueabi/lib] ==> [/home/alex/temp/opt/FriendlyARM/toolschain/4.4.3/arm-none-linux-gnueabi/lib]
  collapse dir [/home/alex/temp/opt/FriendlyARM/toolschain/4.4.3/bin/../arm-none-linux-gnueabi//sys-root/lib] ==> [/home/alex/temp/opt/FriendlyARM/toolschain/4.4.3/arm-none-linux-gnueabi/sys-root/lib]
  collapse dir [/home/alex/temp/opt/FriendlyARM/toolschain/4.4.3/bin/../arm-none-linux-gnueabi//sys-root/usr/lib] ==> [/home/alex/temp/opt/FriendlyARM/toolschain/4.4.3/arm-none-linux-gnueabi/sys-root/usr/lib]
  implicit libs: [stdc++;m;c]
  implicit dirs: [/home/alex/temp/opt/FriendlyARM/toolschain/4.4.3/lib/gcc/arm-none-linux-gnueabi/4.4.3;/home/alex/temp/opt/FriendlyARM/toolschain/4.4.3/lib/gcc;/home/alex/temp/opt/FriendlyARM/toolschain/4.4.3/arm-none-linux-gnueabi/lib;/home/alex/temp/opt/FriendlyARM/toolschain/4.4.3/arm-none-linux-gnueabi/sys-root/lib;/home/alex/temp/opt/FriendlyARM/toolschain/4.4.3/arm-none-linux-gnueabi/sys-root/usr/lib]


Determining if the C compiler works passed with the following output:
Change Dir: /home/alex/opencv/opencv_arm/CMakeFiles/CMakeTmp

Run Build Command:/usr/bin/make "cmTryCompileExec2563129351/fast"
/usr/bin/make -f CMakeFiles/cmTryCompileExec2563129351.dir/build.make CMakeFiles/cmTryCompileExec2563129351.dir/build
make[1]: 正在进入目录 `/home/alex/opencv/opencv_arm/CMakeFiles/CMakeTmp'
/usr/bin/cmake -E cmake_progress_report /home/alex/opencv/opencv_arm/CMakeFiles/CMakeTmp/CMakeFiles 1
Building C object CMakeFiles/cmTryCompileExec2563129351.dir/testCCompiler.c.obj
/home/alex/temp/opt/FriendlyARM/toolschain/4.4.3/bin/arm-linux-gcc    -o CMakeFiles/cmTryCompileExec2563129351.dir/testCCompiler.c.obj   -c /home/alex/opencv/opencv_arm/CMakeFiles/CMakeTmp/testCCompiler.c
Linking C executable cmTryCompileExec2563129351
/usr/bin/cmake -E cmake_link_script CMakeFiles/cmTryCompileExec2563129351.dir/link.txt --verbose=1
/home/alex/temp/opt/FriendlyARM/toolschain/4.4.3/bin/arm-linux-gcc         CMakeFiles/cmTryCompileExec2563129351.dir/testCCompiler.c.obj  -o cmTryCompileExec2563129351  
make[1]:正在离开目录 `/home/alex/opencv/opencv_arm/CMakeFiles/CMakeTmp'


Detecting C compiler ABI info compiled with the following output:
Change Dir: /home/alex/opencv/opencv_arm/CMakeFiles/CMakeTmp

Run Build Command:/usr/bin/make "cmTryCompileExec937731326/fast"
/usr/bin/make -f CMakeFiles/cmTryCompileExec937731326.dir/build.make CMakeFiles/cmTryCompileExec937731326.dir/build
make[1]: 正在进入目录 `/home/alex/opencv/opencv_arm/CMakeFiles/CMakeTmp'
/usr/bin/cmake -E cmake_progress_report /home/alex/opencv/opencv_arm/CMakeFiles/CMakeTmp/CMakeFiles 1
Building C object CMakeFiles/cmTryCompileExec937731326.dir/CMakeCCompilerABI.c.obj
/home/alex/temp/opt/FriendlyARM/toolschain/4.4.3/bin/arm-linux-gcc    -o CMakeFiles/cmTryCompileExec937731326.dir/CMakeCCompilerABI.c.obj   -c /usr/share/cmake-2.8/Modules/CMakeCCompilerABI.c
Linking C executable cmTryCompileExec937731326
/usr/bin/cmake -E cmake_link_script CMakeFiles/cmTryCompileExec937731326.dir/link.txt --verbose=1
/home/alex/temp/opt/FriendlyARM/toolschain/4.4.3/bin/arm-linux-gcc       -v CMakeFiles/cmTryCompileExec937731326.dir/CMakeCCompilerABI.c.obj  -o cmTryCompileExec937731326   
Using built-in specs.
Target: arm-none-linux-gnueabi
Configured with: /opt/FriendlyARM/mini2440/build-toolschain/working/src/gcc-4.4.3/configure --build=i386-build_redhat-linux-gnu --host=i386-build_redhat-linux-gnu --target=arm-none-linux-gnueabi --prefix=/opt/FriendlyARM/toolschain/4.4.3 --with-sysroot=/opt/FriendlyARM/toolschain/4.4.3/arm-none-linux-gnueabi//sys-root --enable-languages=c,c++ --disable-multilib --with-arch=armv4t --with-cpu=arm920t --with-tune=arm920t --with-float=soft --with-pkgversion=ctng-1.6.1 --disable-sjlj-exceptions --enable-__cxa_atexit --with-gmp=/opt/FriendlyARM/toolschain/4.4.3 --with-mpfr=/opt/FriendlyARM/toolschain/4.4.3 --with-ppl=/opt/FriendlyARM/toolschain/4.4.3 --with-cloog=/opt/FriendlyARM/toolschain/4.4.3 --with-mpc=/opt/FriendlyARM/toolschain/4.4.3 --with-local-prefix=/opt/FriendlyARM/toolschain/4.4.3/arm-none-linux-gnueabi//sys-root --disable-nls --enable-threads=posix --enable-symvers=gnu --enable-c99 --enable-long-long --enable-target-optspace
Thread model: posix
gcc version 4.4.3 (ctng-1.6.1) 
COMPILER_PATH=/home/alex/temp/opt/FriendlyARM/toolschain/4.4.3/bin/../libexec/gcc/arm-none-linux-gnueabi/4.4.3/:/home/alex/temp/opt/FriendlyARM/toolschain/4.4.3/bin/../libexec/gcc/:/home/alex/temp/opt/FriendlyARM/toolschain/4.4.3/bin/../lib/gcc/arm-none-linux-gnueabi/4.4.3/../../../../arm-none-linux-gnueabi/bin/
LIBRARY_PATH=/home/alex/temp/opt/FriendlyARM/toolschain/4.4.3/bin/../lib/gcc/arm-none-linux-gnueabi/4.4.3/:/home/alex/temp/opt/FriendlyARM/toolschain/4.4.3/bin/../lib/gcc/:/home/alex/temp/opt/FriendlyARM/toolschain/4.4.3/bin/../lib/gcc/arm-none-linux-gnueabi/4.4.3/../../../../arm-none-linux-gnueabi/lib/:/home/alex/temp/opt/FriendlyARM/toolschain/4.4.3/bin/../arm-none-linux-gnueabi//sys-root/lib/:/home/alex/temp/opt/FriendlyARM/toolschain/4.4.3/bin/../arm-none-linux-gnueabi//sys-root/usr/lib/
COLLECT_GCC_OPTIONS='-v' '-o' 'cmTryCompileExec937731326' '-march=armv4t' '-mtune=arm920t' '-mfloat-abi=soft'
 /home/alex/temp/opt/FriendlyARM/toolschain/4.4.3/bin/../libexec/gcc/arm-none-linux-gnueabi/4.4.3/collect2 --sysroot=/home/alex/temp/opt/FriendlyARM/toolschain/4.4.3/bin/../arm-none-linux-gnueabi//sys-root --eh-frame-hdr -dynamic-linker /lib/ld-linux.so.3 -X -m armelf_linux_eabi -o cmTryCompileExec937731326 /home/alex/temp/opt/FriendlyARM/toolschain/4.4.3/bin/../arm-none-linux-gnueabi//sys-root/usr/lib/crt1.o /home/alex/temp/opt/FriendlyARM/toolschain/4.4.3/bin/../arm-none-linux-gnueabi//sys-root/usr/lib/crti.o /home/alex/temp/opt/FriendlyARM/toolschain/4.4.3/bin/../lib/gcc/arm-none-linux-gnueabi/4.4.3/crtbegin.o -L/home/alex/temp/opt/FriendlyARM/toolschain/4.4.3/bin/../lib/gcc/arm-none-linux-gnueabi/4.4.3 -L/home/alex/temp/opt/FriendlyARM/toolschain/4.4.3/bin/../lib/gcc -L/home/alex/temp/opt/FriendlyARM/toolschain/4.4.3/bin/../lib/gcc/arm-none-linux-gnueabi/4.4.3/../../../../arm-none-linux-gnueabi/lib -L/home/alex/temp/opt/FriendlyARM/toolschain/4.4.3/bin/../arm-none-linux-gnueabi//sys-root/lib -L/home/alex/temp/opt/FriendlyARM/toolschain/4.4.3/bin/../arm-none-linux-gnueabi//sys-root/usr/lib CMakeFiles/cmTryCompileExec937731326.dir/CMakeCCompilerABI.c.obj -lgcc --as-needed -lgcc_s --no-as-needed -lc -lgcc --as-needed -lgcc_s --no-as-needed /home/alex/temp/opt/FriendlyARM/toolschain/4.4.3/bin/../lib/gcc/arm-none-linux-gnueabi/4.4.3/crtend.o /home/alex/temp/opt/FriendlyARM/toolschain/4.4.3/bin/../arm-none-linux-gnueabi//sys-root/usr/lib/crtn.o
make[1]:正在离开目录 `/home/alex/opencv/opencv_arm/CMakeFiles/CMakeTmp'


Parsed C implicit link information from above output:
  link line regex: [^( *|.*[/\])(arm-linux-ld|ld|collect2)[^/\]*( |$)]
  ignore line: [Change Dir: /home/alex/opencv/opencv_arm/CMakeFiles/CMakeTmp]
  ignore line: []
  ignore line: [Run Build Command:/usr/bin/make "cmTryCompileExec937731326/fast"]
  ignore line: [/usr/bin/make -f CMakeFiles/cmTryCompileExec937731326.dir/build.make CMakeFiles/cmTryCompileExec937731326.dir/build]
  ignore line: [make[1]: 正在进入目录 `/home/alex/opencv/opencv_arm/CMakeFiles/CMakeTmp']
  ignore line: [/usr/bin/cmake -E cmake_progress_report /home/alex/opencv/opencv_arm/CMakeFiles/CMakeTmp/CMakeFiles 1]
  ignore line: [Building C object CMakeFiles/cmTryCompileExec937731326.dir/CMakeCCompilerABI.c.obj]
  ignore line: [/home/alex/temp/opt/FriendlyARM/toolschain/4.4.3/bin/arm-linux-gcc    -o CMakeFiles/cmTryCompileExec937731326.dir/CMakeCCompilerABI.c.obj   -c /usr/share/cmake-2.8/Modules/CMakeCCompilerABI.c]
  ignore line: [Linking C executable cmTryCompileExec937731326]
  ignore line: [/usr/bin/cmake -E cmake_link_script CMakeFiles/cmTryCompileExec937731326.dir/link.txt --verbose=1]
  ignore line: [/home/alex/temp/opt/FriendlyARM/toolschain/4.4.3/bin/arm-linux-gcc       -v CMakeFiles/cmTryCompileExec937731326.dir/CMakeCCompilerABI.c.obj  -o cmTryCompileExec937731326   ]
  ignore line: [Using built-in specs.]
  ignore line: [Target: arm-none-linux-gnueabi]
  ignore line: [Configured with: /opt/FriendlyARM/mini2440/build-toolschain/working/src/gcc-4.4.3/configure --build=i386-build_redhat-linux-gnu --host=i386-build_redhat-linux-gnu --target=arm-none-linux-gnueabi --prefix=/opt/FriendlyARM/toolschain/4.4.3 --with-sysroot=/opt/FriendlyARM/toolschain/4.4.3/arm-none-linux-gnueabi//sys-root --enable-languages=c,c++ --disable-multilib --with-arch=armv4t --with-cpu=arm920t --with-tune=arm920t --with-float=soft --with-pkgversion=ctng-1.6.1 --disable-sjlj-exceptions --enable-__cxa_atexit --with-gmp=/opt/FriendlyARM/toolschain/4.4.3 --with-mpfr=/opt/FriendlyARM/toolschain/4.4.3 --with-ppl=/opt/FriendlyARM/toolschain/4.4.3 --with-cloog=/opt/FriendlyARM/toolschain/4.4.3 --with-mpc=/opt/FriendlyARM/toolschain/4.4.3 --with-local-prefix=/opt/FriendlyARM/toolschain/4.4.3/arm-none-linux-gnueabi//sys-root --disable-nls --enable-threads=posix --enable-symvers=gnu --enable-c99 --enable-long-long --enable-target-optspace]
  ignore line: [Thread model: posix]
  ignore line: [gcc version 4.4.3 (ctng-1.6.1) ]
  ignore line: [COMPILER_PATH=/home/alex/temp/opt/FriendlyARM/toolschain/4.4.3/bin/../libexec/gcc/arm-none-linux-gnueabi/4.4.3/:/home/alex/temp/opt/FriendlyARM/toolschain/4.4.3/bin/../libexec/gcc/:/home/alex/temp/opt/FriendlyARM/toolschain/4.4.3/bin/../lib/gcc/arm-none-linux-gnueabi/4.4.3/../../../../arm-none-linux-gnueabi/bin/]
  ignore line: [LIBRARY_PATH=/home/alex/temp/opt/FriendlyARM/toolschain/4.4.3/bin/../lib/gcc/arm-none-linux-gnueabi/4.4.3/:/home/alex/temp/opt/FriendlyARM/toolschain/4.4.3/bin/../lib/gcc/:/home/alex/temp/opt/FriendlyARM/toolschain/4.4.3/bin/../lib/gcc/arm-none-linux-gnueabi/4.4.3/../../../../arm-none-linux-gnueabi/lib/:/home/alex/temp/opt/FriendlyARM/toolschain/4.4.3/bin/../arm-none-linux-gnueabi//sys-root/lib/:/home/alex/temp/opt/FriendlyARM/toolschain/4.4.3/bin/../arm-none-linux-gnueabi//sys-root/usr/lib/]
  ignore line: [COLLECT_GCC_OPTIONS='-v' '-o' 'cmTryCompileExec937731326' '-march=armv4t' '-mtune=arm920t' '-mfloat-abi=soft']
  link line: [ /home/alex/temp/opt/FriendlyARM/toolschain/4.4.3/bin/../libexec/gcc/arm-none-linux-gnueabi/4.4.3/collect2 --sysroot=/home/alex/temp/opt/FriendlyARM/toolschain/4.4.3/bin/../arm-none-linux-gnueabi//sys-root --eh-frame-hdr -dynamic-linker /lib/ld-linux.so.3 -X -m armelf_linux_eabi -o cmTryCompileExec937731326 /home/alex/temp/opt/FriendlyARM/toolschain/4.4.3/bin/../arm-none-linux-gnueabi//sys-root/usr/lib/crt1.o /home/alex/temp/opt/FriendlyARM/toolschain/4.4.3/bin/../arm-none-linux-gnueabi//sys-root/usr/lib/crti.o /home/alex/temp/opt/FriendlyARM/toolschain/4.4.3/bin/../lib/gcc/arm-none-linux-gnueabi/4.4.3/crtbegin.o -L/home/alex/temp/opt/FriendlyARM/toolschain/4.4.3/bin/../lib/gcc/arm-none-linux-gnueabi/4.4.3 -L/home/alex/temp/opt/FriendlyARM/toolschain/4.4.3/bin/../lib/gcc -L/home/alex/temp/opt/FriendlyARM/toolschain/4.4.3/bin/../lib/gcc/arm-none-linux-gnueabi/4.4.3/../../../../arm-none-linux-gnueabi/lib -L/home/alex/temp/opt/FriendlyARM/toolschain/4.4.3/bin/../arm-none-linux-gnueabi//sys-root/lib -L/home/alex/temp/opt/FriendlyARM/toolschain/4.4.3/bin/../arm-none-linux-gnueabi//sys-root/usr/lib CMakeFiles/cmTryCompileExec937731326.dir/CMakeCCompilerABI.c.obj -lgcc --as-needed -lgcc_s --no-as-needed -lc -lgcc --as-needed -lgcc_s --no-as-needed /home/alex/temp/opt/FriendlyARM/toolschain/4.4.3/bin/../lib/gcc/arm-none-linux-gnueabi/4.4.3/crtend.o /home/alex/temp/opt/FriendlyARM/toolschain/4.4.3/bin/../arm-none-linux-gnueabi//sys-root/usr/lib/crtn.o]
    arg [/home/alex/temp/opt/FriendlyARM/toolschain/4.4.3/bin/../libexec/gcc/arm-none-linux-gnueabi/4.4.3/collect2] ==> ignore
    arg [--sysroot=/home/alex/temp/opt/FriendlyARM/toolschain/4.4.3/bin/../arm-none-linux-gnueabi//sys-root] ==> ignore
    arg [--eh-frame-hdr] ==> ignore
    arg [-dynamic-linker] ==> ignore
    arg [/lib/ld-linux.so.3] ==> ignore
    arg [-X] ==> ignore
    arg [-m] ==> ignore
    arg [armelf_linux_eabi] ==> ignore
    arg [-o] ==> ignore
    arg [cmTryCompileExec937731326] ==> ignore
    arg [/home/alex/temp/opt/FriendlyARM/toolschain/4.4.3/bin/../arm-none-linux-gnueabi//sys-root/usr/lib/crt1.o] ==> ignore
    arg [/home/alex/temp/opt/FriendlyARM/toolschain/4.4.3/bin/../arm-none-linux-gnueabi//sys-root/usr/lib/crti.o] ==> ignore
    arg [/home/alex/temp/opt/FriendlyARM/toolschain/4.4.3/bin/../lib/gcc/arm-none-linux-gnueabi/4.4.3/crtbegin.o] ==> ignore
    arg [-L/home/alex/temp/opt/FriendlyARM/toolschain/4.4.3/bin/../lib/gcc/arm-none-linux-gnueabi/4.4.3] ==> dir [/home/alex/temp/opt/FriendlyARM/toolschain/4.4.3/bin/../lib/gcc/arm-none-linux-gnueabi/4.4.3]
    arg [-L/home/alex/temp/opt/FriendlyARM/toolschain/4.4.3/bin/../lib/gcc] ==> dir [/home/alex/temp/opt/FriendlyARM/toolschain/4.4.3/bin/../lib/gcc]
    arg [-L/home/alex/temp/opt/FriendlyARM/toolschain/4.4.3/bin/../lib/gcc/arm-none-linux-gnueabi/4.4.3/../../../../arm-none-linux-gnueabi/lib] ==> dir [/home/alex/temp/opt/FriendlyARM/toolschain/4.4.3/bin/../lib/gcc/arm-none-linux-gnueabi/4.4.3/../../../../arm-none-linux-gnueabi/lib]
    arg [-L/home/alex/temp/opt/FriendlyARM/toolschain/4.4.3/bin/../arm-none-linux-gnueabi//sys-root/lib] ==> dir [/home/alex/temp/opt/FriendlyARM/toolschain/4.4.3/bin/../arm-none-linux-gnueabi//sys-root/lib]
    arg [-L/home/alex/temp/opt/FriendlyARM/toolschain/4.4.3/bin/../arm-none-linux-gnueabi//sys-root/usr/lib] ==> dir [/home/alex/temp/opt/FriendlyARM/toolschain/4.4.3/bin/../arm-none-linux-gnueabi//sys-root/usr/lib]
    arg [CMakeFiles/cmTryCompileExec937731326.dir/CMakeCCompilerABI.c.obj] ==> ignore
    arg [-lgcc] ==> lib [gcc]
    arg [--as-needed] ==> ignore
    arg [-lgcc_s] ==> lib [gcc_s]
    arg [--no-as-needed] ==> ignore
    arg [-lc] ==> lib [c]
    arg [-lgcc] ==> lib [gcc]
    arg [--as-needed] ==> ignore
    arg [-lgcc_s] ==> lib [gcc_s]
    arg [--no-as-needed] ==> ignore
    arg [/home/alex/temp/opt/FriendlyARM/toolschain/4.4.3/bin/../lib/gcc/arm-none-linux-gnueabi/4.4.3/crtend.o] ==> ignore
    arg [/home/alex/temp/opt/FriendlyARM/toolschain/4.4.3/bin/../arm-none-linux-gnueabi//sys-root/usr/lib/crtn.o] ==> ignore
  remove lib [gcc]
  remove lib [gcc_s]
  remove lib [gcc]
  remove lib [gcc_s]
  collapse dir [/home/alex/temp/opt/FriendlyARM/toolschain/4.4.3/bin/../lib/gcc/arm-none-linux-gnueabi/4.4.3] ==> [/home/alex/temp/opt/FriendlyARM/toolschain/4.4.3/lib/gcc/arm-none-linux-gnueabi/4.4.3]
  collapse dir [/home/alex/temp/opt/FriendlyARM/toolschain/4.4.3/bin/../lib/gcc] ==> [/home/alex/temp/opt/FriendlyARM/toolschain/4.4.3/lib/gcc]
  collapse dir [/home/alex/temp/opt/FriendlyARM/toolschain/4.4.3/bin/../lib/gcc/arm-none-linux-gnueabi/4.4.3/../../../../arm-none-linux-gnueabi/lib] ==> [/home/alex/temp/opt/FriendlyARM/toolschain/4.4.3/arm-none-linux-gnueabi/lib]
  collapse dir [/home/alex/temp/opt/FriendlyARM/toolschain/4.4.3/bin/../arm-none-linux-gnueabi//sys-root/lib] ==> [/home/alex/temp/opt/FriendlyARM/toolschain/4.4.3/arm-none-linux-gnueabi/sys-root/lib]
  collapse dir [/home/alex/temp/opt/FriendlyARM/toolschain/4.4.3/bin/../arm-none-linux-gnueabi//sys-root/usr/lib] ==> [/home/alex/temp/opt/FriendlyARM/toolschain/4.4.3/arm-none-linux-gnueabi/sys-root/usr/lib]
  implicit libs: [c]
  implicit dirs: [/home/alex/temp/opt/FriendlyARM/toolschain/4.4.3/lib/gcc/arm-none-linux-gnueabi/4.4.3;/home/alex/temp/opt/FriendlyARM/toolschain/4.4.3/lib/gcc;/home/alex/temp/opt/FriendlyARM/toolschain/4.4.3/arm-none-linux-gnueabi/lib;/home/alex/temp/opt/FriendlyARM/toolschain/4.4.3/arm-none-linux-gnueabi/sys-root/lib;/home/alex/temp/opt/FriendlyARM/toolschain/4.4.3/arm-none-linux-gnueabi/sys-root/usr/lib]


Determining if the function fseeko exists passed with the following output:
Change Dir: /home/alex/opencv/opencv_arm/CMakeFiles/CMakeTmp

Run Build Command:/usr/bin/make "cmTryCompileExec4006452250/fast"
/usr/bin/make -f CMakeFiles/cmTryCompileExec4006452250.dir/build.make CMakeFiles/cmTryCompileExec4006452250.dir/build
make[1]: 正在进入目录 `/home/alex/opencv/opencv_arm/CMakeFiles/CMakeTmp'
/usr/bin/cmake -E cmake_progress_report /home/alex/opencv/opencv_arm/CMakeFiles/CMakeTmp/CMakeFiles 1
Building C object CMakeFiles/cmTryCompileExec4006452250.dir/CheckFunctionExists.c.obj
/home/alex/temp/opt/FriendlyARM/toolschain/4.4.3/bin/arm-linux-gcc   -fsigned-char -W -Wall -Werror=return-type -Werror=address -Werror=sequence-point -Wformat -Werror=format-security -Wmissing-declarations -Wmissing-prototypes -Wstrict-prototypes -Wundef -Winit-self -Wpointer-arith -Wshadow -fdiagnostics-show-option -fomit-frame-pointer -ffunction-sections  -DCHECK_FUNCTION_EXISTS=fseeko -O3 -DNDEBUG   -o CMakeFiles/cmTryCompileExec4006452250.dir/CheckFunctionExists.c.obj   -c /usr/share/cmake-2.8/Modules/CheckFunctionExists.c
/usr/share/cmake-2.8/Modules/CheckFunctionExists.c:3: warning: function declaration isn't a prototype [-Wstrict-prototypes]
Linking C executable cmTryCompileExec4006452250
/usr/bin/cmake -E cmake_link_script CMakeFiles/cmTryCompileExec4006452250.dir/link.txt --verbose=1
/home/alex/temp/opt/FriendlyARM/toolschain/4.4.3/bin/arm-linux-gcc      -fsigned-char -W -Wall -Werror=return-type -Werror=address -Werror=sequence-point -Wformat -Werror=format-security -Wmissing-declarations -Wmissing-prototypes -Wstrict-prototypes -Wundef -Winit-self -Wpointer-arith -Wshadow -fdiagnostics-show-option -fomit-frame-pointer -ffunction-sections  -DCHECK_FUNCTION_EXISTS=fseeko -O3 -DNDEBUG    CMakeFiles/cmTryCompileExec4006452250.dir/CheckFunctionExists.c.obj  -o cmTryCompileExec4006452250  
make[1]:正在离开目录 `/home/alex/opencv/opencv_arm/CMakeFiles/CMakeTmp'


Determining if the include file unistd.h exists passed with the following output:
Change Dir: /home/alex/opencv/opencv_arm/CMakeFiles/CMakeTmp

Run Build Command:/usr/bin/make "cmTryCompileExec3387376586/fast"
/usr/bin/make -f CMakeFiles/cmTryCompileExec3387376586.dir/build.make CMakeFiles/cmTryCompileExec3387376586.dir/build
make[1]: 正在进入目录 `/home/alex/opencv/opencv_arm/CMakeFiles/CMakeTmp'
/usr/bin/cmake -E cmake_progress_report /home/alex/opencv/opencv_arm/CMakeFiles/CMakeTmp/CMakeFiles 1
Building C object CMakeFiles/cmTryCompileExec3387376586.dir/CheckIncludeFile.c.obj
/home/alex/temp/opt/FriendlyARM/toolschain/4.4.3/bin/arm-linux-gcc   -fsigned-char -W -Wall -Werror=return-type -Werror=address -Werror=sequence-point -Wformat -Werror=format-security -Wmissing-declarations -Wmissing-prototypes -Wstrict-prototypes -Wundef -Winit-self -Wpointer-arith -Wshadow -fdiagnostics-show-option -fomit-frame-pointer -ffunction-sections   -O3 -DNDEBUG   -o CMakeFiles/cmTryCompileExec3387376586.dir/CheckIncludeFile.c.obj   -c /home/alex/opencv/opencv_arm/CMakeFiles/CMakeTmp/CheckIncludeFile.c
Linking C executable cmTryCompileExec3387376586
/usr/bin/cmake -E cmake_link_script CMakeFiles/cmTryCompileExec3387376586.dir/link.txt --verbose=1
/home/alex/temp/opt/FriendlyARM/toolschain/4.4.3/bin/arm-linux-gcc      -fsigned-char -W -Wall -Werror=return-type -Werror=address -Werror=sequence-point -Wformat -Werror=format-security -Wmissing-declarations -Wmissing-prototypes -Wstrict-prototypes -Wundef -Winit-self -Wpointer-arith -Wshadow -fdiagnostics-show-option -fomit-frame-pointer -ffunction-sections   -O3 -DNDEBUG    CMakeFiles/cmTryCompileExec3387376586.dir/CheckIncludeFile.c.obj  -o cmTryCompileExec3387376586  
make[1]:正在离开目录 `/home/alex/opencv/opencv_arm/CMakeFiles/CMakeTmp'


Determining if the include file sys/types.h exists passed with the following output:
Change Dir: /home/alex/opencv/opencv_arm/CMakeFiles/CMakeTmp

Run Build Command:/usr/bin/make "cmTryCompileExec2460942165/fast"
/usr/bin/make -f CMakeFiles/cmTryCompileExec2460942165.dir/build.make CMakeFiles/cmTryCompileExec2460942165.dir/build
make[1]: 正在进入目录 `/home/alex/opencv/opencv_arm/CMakeFiles/CMakeTmp'
/usr/bin/cmake -E cmake_progress_report /home/alex/opencv/opencv_arm/CMakeFiles/CMakeTmp/CMakeFiles 1
Building C object CMakeFiles/cmTryCompileExec2460942165.dir/CheckIncludeFile.c.obj
/home/alex/temp/opt/FriendlyARM/toolschain/4.4.3/bin/arm-linux-gcc   -fsigned-char -W -Wall -Werror=return-type -Werror=address -Werror=sequence-point -Wformat -Werror=format-security -Wmissing-declarations -Wmissing-prototypes -Wstrict-prototypes -Wundef -Winit-self -Wpointer-arith -Wshadow -fdiagnostics-show-option -fomit-frame-pointer -ffunction-sections   -O3 -DNDEBUG   -o CMakeFiles/cmTryCompileExec2460942165.dir/CheckIncludeFile.c.obj   -c /home/alex/opencv/opencv_arm/CMakeFiles/CMakeTmp/CheckIncludeFile.c
Linking C executable cmTryCompileExec2460942165
/usr/bin/cmake -E cmake_link_script CMakeFiles/cmTryCompileExec2460942165.dir/link.txt --verbose=1
/home/alex/temp/opt/FriendlyARM/toolschain/4.4.3/bin/arm-linux-gcc      -fsigned-char -W -Wall -Werror=return-type -Werror=address -Werror=sequence-point -Wformat -Werror=format-security -Wmissing-declarations -Wmissing-prototypes -Wstrict-prototypes -Wundef -Winit-self -Wpointer-arith -Wshadow -fdiagnostics-show-option -fomit-frame-pointer -ffunction-sections   -O3 -DNDEBUG    CMakeFiles/cmTryCompileExec2460942165.dir/CheckIncludeFile.c.obj  -o cmTryCompileExec2460942165  
make[1]:正在离开目录 `/home/alex/opencv/opencv_arm/CMakeFiles/CMakeTmp'


Determining if the include file stdint.h exists passed with the following output:
Change Dir: /home/alex/opencv/opencv_arm/CMakeFiles/CMakeTmp

Run Build Command:/usr/bin/make "cmTryCompileExec1244579222/fast"
/usr/bin/make -f CMakeFiles/cmTryCompileExec1244579222.dir/build.make CMakeFiles/cmTryCompileExec1244579222.dir/build
make[1]: 正在进入目录 `/home/alex/opencv/opencv_arm/CMakeFiles/CMakeTmp'
/usr/bin/cmake -E cmake_progress_report /home/alex/opencv/opencv_arm/CMakeFiles/CMakeTmp/CMakeFiles 1
Building C object CMakeFiles/cmTryCompileExec1244579222.dir/CheckIncludeFile.c.obj
/home/alex/temp/opt/FriendlyARM/toolschain/4.4.3/bin/arm-linux-gcc   -fsigned-char -W -Wall -Werror=return-type -Werror=address -Werror=sequence-point -Wformat -Werror=format-security -Wmissing-declarations -Wmissing-prototypes -Wstrict-prototypes -Wundef -Winit-self -Wpointer-arith -Wshadow -fdiagnostics-show-option -fomit-frame-pointer -ffunction-sections   -O3 -DNDEBUG   -o CMakeFiles/cmTryCompileExec1244579222.dir/CheckIncludeFile.c.obj   -c /home/alex/opencv/opencv_arm/CMakeFiles/CMakeTmp/CheckIncludeFile.c
Linking C executable cmTryCompileExec1244579222
/usr/bin/cmake -E cmake_link_script CMakeFiles/cmTryCompileExec1244579222.dir/link.txt --verbose=1
/home/alex/temp/opt/FriendlyARM/toolschain/4.4.3/bin/arm-linux-gcc      -fsigned-char -W -Wall -Werror=return-type -Werror=address -Werror=sequence-point -Wformat -Werror=format-security -Wmissing-declarations -Wmissing-prototypes -Wstrict-prototypes -Wundef -Winit-self -Wpointer-arith -Wshadow -fdiagnostics-show-option -fomit-frame-pointer -ffunction-sections   -O3 -DNDEBUG    CMakeFiles/cmTryCompileExec1244579222.dir/CheckIncludeFile.c.obj  -o cmTryCompileExec1244579222  
make[1]:正在离开目录 `/home/alex/opencv/opencv_arm/CMakeFiles/CMakeTmp'


Determining if the include file stddef.h exists passed with the following output:
Change Dir: /home/alex/opencv/opencv_arm/CMakeFiles/CMakeTmp

Run Build Command:/usr/bin/make "cmTryCompileExec498814264/fast"
/usr/bin/make -f CMakeFiles/cmTryCompileExec498814264.dir/build.make CMakeFiles/cmTryCompileExec498814264.dir/build
make[1]: 正在进入目录 `/home/alex/opencv/opencv_arm/CMakeFiles/CMakeTmp'
/usr/bin/cmake -E cmake_progress_report /home/alex/opencv/opencv_arm/CMakeFiles/CMakeTmp/CMakeFiles 1
Building C object CMakeFiles/cmTryCompileExec498814264.dir/CheckIncludeFile.c.obj
/home/alex/temp/opt/FriendlyARM/toolschain/4.4.3/bin/arm-linux-gcc   -fsigned-char -W -Wall -Werror=return-type -Werror=address -Werror=sequence-point -Wformat -Werror=format-security -Wmissing-declarations -Wmissing-prototypes -Wstrict-prototypes -Wundef -Winit-self -Wpointer-arith -Wshadow -fdiagnostics-show-option -fomit-frame-pointer -ffunction-sections   -O3 -DNDEBUG   -o CMakeFiles/cmTryCompileExec498814264.dir/CheckIncludeFile.c.obj   -c /home/alex/opencv/opencv_arm/CMakeFiles/CMakeTmp/CheckIncludeFile.c
Linking C executable cmTryCompileExec498814264
/usr/bin/cmake -E cmake_link_script CMakeFiles/cmTryCompileExec498814264.dir/link.txt --verbose=1
/home/alex/temp/opt/FriendlyARM/toolschain/4.4.3/bin/arm-linux-gcc      -fsigned-char -W -Wall -Werror=return-type -Werror=address -Werror=sequence-point -Wformat -Werror=format-security -Wmissing-declarations -Wmissing-prototypes -Wstrict-prototypes -Wundef -Winit-self -Wpointer-arith -Wshadow -fdiagnostics-show-option -fomit-frame-pointer -ffunction-sections   -O3 -DNDEBUG    CMakeFiles/cmTryCompileExec498814264.dir/CheckIncludeFile.c.obj  -o cmTryCompileExec498814264  
make[1]:正在离开目录 `/home/alex/opencv/opencv_arm/CMakeFiles/CMakeTmp'


Determining if the include file assert.h exists passed with the following output:
Change Dir: /home/alex/opencv/opencv_arm/CMakeFiles/CMakeTmp

Run Build Command:/usr/bin/make "cmTryCompileExec1587671767/fast"
/usr/bin/make -f CMakeFiles/cmTryCompileExec1587671767.dir/build.make CMakeFiles/cmTryCompileExec1587671767.dir/build
make[1]: 正在进入目录 `/home/alex/opencv/opencv_arm/CMakeFiles/CMakeTmp'
/usr/bin/cmake -E cmake_progress_report /home/alex/opencv/opencv_arm/CMakeFiles/CMakeTmp/CMakeFiles 1
Building C object CMakeFiles/cmTryCompileExec1587671767.dir/CheckIncludeFile.c.obj
/home/alex/temp/opt/FriendlyARM/toolschain/4.4.3/bin/arm-linux-gcc   -fsigned-char -W -Wall -Werror=return-type -Werror=address -Werror=sequence-point -Wformat -Werror=format-security -Wmissing-declarations -Wmissing-prototypes -Wstrict-prototypes -Wundef -Winit-self -Wpointer-arith -Wshadow -fdiagnostics-show-option -fomit-frame-pointer -ffunction-sections   -O3 -DNDEBUG   -o CMakeFiles/cmTryCompileExec1587671767.dir/CheckIncludeFile.c.obj   -c /home/alex/opencv/opencv_arm/CMakeFiles/CMakeTmp/CheckIncludeFile.c
Linking C executable cmTryCompileExec1587671767
/usr/bin/cmake -E cmake_link_script CMakeFiles/cmTryCompileExec1587671767.dir/link.txt --verbose=1
/home/alex/temp/opt/FriendlyARM/toolschain/4.4.3/bin/arm-linux-gcc      -fsigned-char -W -Wall -Werror=return-type -Werror=address -Werror=sequence-point -Wformat -Werror=format-security -Wmissing-declarations -Wmissing-prototypes -Wstrict-prototypes -Wundef -Winit-self -Wpointer-arith -Wshadow -fdiagnostics-show-option -fomit-frame-pointer -ffunction-sections   -O3 -DNDEBUG    CMakeFiles/cmTryCompileExec1587671767.dir/CheckIncludeFile.c.obj  -o cmTryCompileExec1587671767  
make[1]:正在离开目录 `/home/alex/opencv/opencv_arm/CMakeFiles/CMakeTmp'


Determining if the include file fcntl.h exists passed with the following output:
Change Dir: /home/alex/opencv/opencv_arm/CMakeFiles/CMakeTmp

Run Build Command:/usr/bin/make "cmTryCompileExec3178143595/fast"
/usr/bin/make -f CMakeFiles/cmTryCompileExec3178143595.dir/build.make CMakeFiles/cmTryCompileExec3178143595.dir/build
make[1]: 正在进入目录 `/home/alex/opencv/opencv_arm/CMakeFiles/CMakeTmp'
/usr/bin/cmake -E cmake_progress_report /home/alex/opencv/opencv_arm/CMakeFiles/CMakeTmp/CMakeFiles 1
Building C object CMakeFiles/cmTryCompileExec3178143595.dir/CheckIncludeFile.c.obj
/home/alex/temp/opt/FriendlyARM/toolschain/4.4.3/bin/arm-linux-gcc   -fsigned-char -W -Wall -Werror=return-type -Werror=address -Werror=sequence-point -Wformat -Werror=format-security -Wmissing-declarations -Wmissing-prototypes -Wstrict-prototypes -Wundef -Winit-self -Wpointer-arith -Wshadow -fdiagnostics-show-option -fomit-frame-pointer -ffunction-sections   -O3 -DNDEBUG   -o CMakeFiles/cmTryCompileExec3178143595.dir/CheckIncludeFile.c.obj   -c /home/alex/opencv/opencv_arm/CMakeFiles/CMakeTmp/CheckIncludeFile.c
Linking C executable cmTryCompileExec3178143595
/usr/bin/cmake -E cmake_link_script CMakeFiles/cmTryCompileExec3178143595.dir/link.txt --verbose=1
/home/alex/temp/opt/FriendlyARM/toolschain/4.4.3/bin/arm-linux-gcc      -fsigned-char -W -Wall -Werror=return-type -Werror=address -Werror=sequence-point -Wformat -Werror=format-security -Wmissing-declarations -Wmissing-prototypes -Wstrict-prototypes -Wundef -Winit-self -Wpointer-arith -Wshadow -fdiagnostics-show-option -fomit-frame-pointer -ffunction-sections   -O3 -DNDEBUG    CMakeFiles/cmTryCompileExec3178143595.dir/CheckIncludeFile.c.obj  -o cmTryCompileExec3178143595  
make[1]:正在离开目录 `/home/alex/opencv/opencv_arm/CMakeFiles/CMakeTmp'


Determining if the function mmap exists passed with the following output:
Change Dir: /home/alex/opencv/opencv_arm/CMakeFiles/CMakeTmp

Run Build Command:/usr/bin/make "cmTryCompileExec487814508/fast"
/usr/bin/make -f CMakeFiles/cmTryCompileExec487814508.dir/build.make CMakeFiles/cmTryCompileExec487814508.dir/build
make[1]: 正在进入目录 `/home/alex/opencv/opencv_arm/CMakeFiles/CMakeTmp'
/usr/bin/cmake -E cmake_progress_report /home/alex/opencv/opencv_arm/CMakeFiles/CMakeTmp/CMakeFiles 1
Building C object CMakeFiles/cmTryCompileExec487814508.dir/CheckFunctionExists.c.obj
/home/alex/temp/opt/FriendlyARM/toolschain/4.4.3/bin/arm-linux-gcc   -fsigned-char -W -Wall -Werror=return-type -Werror=address -Werror=sequence-point -Wformat -Werror=format-security -Wmissing-declarations -Wmissing-prototypes -Wstrict-prototypes -Wundef -Winit-self -Wpointer-arith -Wshadow -fdiagnostics-show-option -fomit-frame-pointer -ffunction-sections  -DCHECK_FUNCTION_EXISTS=mmap -O3 -DNDEBUG   -o CMakeFiles/cmTryCompileExec487814508.dir/CheckFunctionExists.c.obj   -c /usr/share/cmake-2.8/Modules/CheckFunctionExists.c
/usr/share/cmake-2.8/Modules/CheckFunctionExists.c:3: warning: function declaration isn't a prototype [-Wstrict-prototypes]
Linking C executable cmTryCompileExec487814508
/usr/bin/cmake -E cmake_link_script CMakeFiles/cmTryCompileExec487814508.dir/link.txt --verbose=1
/home/alex/temp/opt/FriendlyARM/toolschain/4.4.3/bin/arm-linux-gcc      -fsigned-char -W -Wall -Werror=return-type -Werror=address -Werror=sequence-point -Wformat -Werror=format-security -Wmissing-declarations -Wmissing-prototypes -Wstrict-prototypes -Wundef -Winit-self -Wpointer-arith -Wshadow -fdiagnostics-show-option -fomit-frame-pointer -ffunction-sections  -DCHECK_FUNCTION_EXISTS=mmap -O3 -DNDEBUG    CMakeFiles/cmTryCompileExec487814508.dir/CheckFunctionExists.c.obj  -o cmTryCompileExec487814508  
make[1]:正在离开目录 `/home/alex/opencv/opencv_arm/CMakeFiles/CMakeTmp'


Determining if the include file search.h exists passed with the following output:
Change Dir: /home/alex/opencv/opencv_arm/CMakeFiles/CMakeTmp

Run Build Command:/usr/bin/make "cmTryCompileExec3249793312/fast"
/usr/bin/make -f CMakeFiles/cmTryCompileExec3249793312.dir/build.make CMakeFiles/cmTryCompileExec3249793312.dir/build
make[1]: 正在进入目录 `/home/alex/opencv/opencv_arm/CMakeFiles/CMakeTmp'
/usr/bin/cmake -E cmake_progress_report /home/alex/opencv/opencv_arm/CMakeFiles/CMakeTmp/CMakeFiles 1
Building C object CMakeFiles/cmTryCompileExec3249793312.dir/CheckIncludeFile.c.obj
/home/alex/temp/opt/FriendlyARM/toolschain/4.4.3/bin/arm-linux-gcc   -fsigned-char -W -Wall -Werror=return-type -Werror=address -Werror=sequence-point -Wformat -Werror=format-security -Wmissing-declarations -Wmissing-prototypes -Wstrict-prototypes -Wundef -Winit-self -Wpointer-arith -Wshadow -fdiagnostics-show-option -fomit-frame-pointer -ffunction-sections   -O3 -DNDEBUG   -o CMakeFiles/cmTryCompileExec3249793312.dir/CheckIncludeFile.c.obj   -c /home/alex/opencv/opencv_arm/CMakeFiles/CMakeTmp/CheckIncludeFile.c
Linking C executable cmTryCompileExec3249793312
/usr/bin/cmake -E cmake_link_script CMakeFiles/cmTryCompileExec3249793312.dir/link.txt --verbose=1
/home/alex/temp/opt/FriendlyARM/toolschain/4.4.3/bin/arm-linux-gcc      -fsigned-char -W -Wall -Werror=return-type -Werror=address -Werror=sequence-point -Wformat -Werror=format-security -Wmissing-declarations -Wmissing-prototypes -Wstrict-prototypes -Wundef -Winit-self -Wpointer-arith -Wshadow -fdiagnostics-show-option -fomit-frame-pointer -ffunction-sections   -O3 -DNDEBUG    CMakeFiles/cmTryCompileExec3249793312.dir/CheckIncludeFile.c.obj  -o cmTryCompileExec3249793312  
make[1]:正在离开目录 `/home/alex/opencv/opencv_arm/CMakeFiles/CMakeTmp'


Determining if the include file string.h exists passed with the following output:
Change Dir: /home/alex/opencv/opencv_arm/CMakeFiles/CMakeTmp

Run Build Command:/usr/bin/make "cmTryCompileExec4176475337/fast"
/usr/bin/make -f CMakeFiles/cmTryCompileExec4176475337.dir/build.make CMakeFiles/cmTryCompileExec4176475337.dir/build
make[1]: 正在进入目录 `/home/alex/opencv/opencv_arm/CMakeFiles/CMakeTmp'
/usr/bin/cmake -E cmake_progress_report /home/alex/opencv/opencv_arm/CMakeFiles/CMakeTmp/CMakeFiles 1
Building C object CMakeFiles/cmTryCompileExec4176475337.dir/CheckIncludeFile.c.obj
/home/alex/temp/opt/FriendlyARM/toolschain/4.4.3/bin/arm-linux-gcc   -fsigned-char -W -Wall -Werror=return-type -Werror=address -Werror=sequence-point -Wformat -Werror=format-security -Wmissing-declarations -Wmissing-prototypes -Wstrict-prototypes -Wundef -Winit-self -Wpointer-arith -Wshadow -fdiagnostics-show-option -fomit-frame-pointer -ffunction-sections   -O3 -DNDEBUG   -o CMakeFiles/cmTryCompileExec4176475337.dir/CheckIncludeFile.c.obj   -c /home/alex/opencv/opencv_arm/CMakeFiles/CMakeTmp/CheckIncludeFile.c
Linking C executable cmTryCompileExec4176475337
/usr/bin/cmake -E cmake_link_script CMakeFiles/cmTryCompileExec4176475337.dir/link.txt --verbose=1
/home/alex/temp/opt/FriendlyARM/toolschain/4.4.3/bin/arm-linux-gcc      -fsigned-char -W -Wall -Werror=return-type -Werror=address -Werror=sequence-point -Wformat -Werror=format-security -Wmissing-declarations -Wmissing-prototypes -Wstrict-prototypes -Wundef -Winit-self -Wpointer-arith -Wshadow -fdiagnostics-show-option -fomit-frame-pointer -ffunction-sections   -O3 -DNDEBUG    CMakeFiles/cmTryCompileExec4176475337.dir/CheckIncludeFile.c.obj  -o cmTryCompileExec4176475337  
make[1]:正在离开目录 `/home/alex/opencv/opencv_arm/CMakeFiles/CMakeTmp'


Determining if the include file unistd.h exists passed with the following output:
Change Dir: /home/alex/opencv/opencv_arm/CMakeFiles/CMakeTmp

Run Build Command:/usr/bin/make "cmTryCompileExec286066351/fast"
/usr/bin/make -f CMakeFiles/cmTryCompileExec286066351.dir/build.make CMakeFiles/cmTryCompileExec286066351.dir/build
make[1]: 正在进入目录 `/home/alex/opencv/opencv_arm/CMakeFiles/CMakeTmp'
/usr/bin/cmake -E cmake_progress_report /home/alex/opencv/opencv_arm/CMakeFiles/CMakeTmp/CMakeFiles 1
Building C object CMakeFiles/cmTryCompileExec286066351.dir/CheckIncludeFile.c.obj
/home/alex/temp/opt/FriendlyARM/toolschain/4.4.3/bin/arm-linux-gcc   -fsigned-char -W -Wall -Werror=return-type -Werror=address -Werror=sequence-point -Wformat -Werror=format-security -Wmissing-declarations -Wmissing-prototypes -Wstrict-prototypes -Wundef -Winit-self -Wpointer-arith -Wshadow -fdiagnostics-show-option -fomit-frame-pointer -ffunction-sections   -O3 -DNDEBUG   -o CMakeFiles/cmTryCompileExec286066351.dir/CheckIncludeFile.c.obj   -c /home/alex/opencv/opencv_arm/CMakeFiles/CMakeTmp/CheckIncludeFile.c
Linking C executable cmTryCompileExec286066351
/usr/bin/cmake -E cmake_link_script CMakeFiles/cmTryCompileExec286066351.dir/link.txt --verbose=1
/home/alex/temp/opt/FriendlyARM/toolschain/4.4.3/bin/arm-linux-gcc      -fsigned-char -W -Wall -Werror=return-type -Werror=address -Werror=sequence-point -Wformat -Werror=format-security -Wmissing-declarations -Wmissing-prototypes -Wstrict-prototypes -Wundef -Winit-self -Wpointer-arith -Wshadow -fdiagnostics-show-option -fomit-frame-pointer -ffunction-sections   -O3 -DNDEBUG    CMakeFiles/cmTryCompileExec286066351.dir/CheckIncludeFile.c.obj  -o cmTryCompileExec286066351  
make[1]:正在离开目录 `/home/alex/opencv/opencv_arm/CMakeFiles/CMakeTmp'


